<?xml version="1.0" encoding="UTF-8"?>
<!-- Generated by org.testng.reporters.JUnitXMLReporter -->
<testsuite hostname="Mike-PC" name="Websites" tests="4" failures="0" timestamp="14 Mar 2015 22:03:48 GMT" time="34.698" errors="0">
  <testcase name="getPage" time="20.16" classname="mike.attTest.MainPage"/>
  <testcase name="typeUserName" time="5.864" classname="mike.attTest.MainPage"/>
  <testcase name="typePassWord" time="0.537" classname="mike.attTest.MainPage"/>
  <testcase name="submit" time="7.85" classname="mike.attTest.MainPage"/>
</testsuite> <!-- Websites -->
